Oct-07 13:12:16.402 [main] DEBUG nextflow.cli.Launcher - $> nextflow run mbovpan/mbovpan.nf --single_input mbovpan/seqs/SRR998659 --run snp
Oct-07 13:12:16.687 [main] INFO  nextflow.cli.CmdRun - N E X T F L O W  ~  version 21.04.0
Oct-07 13:12:16.801 [main] DEBUG nextflow.scm.AssetManager - Listing projects in folder: /home/noahaus/.nextflow/assets
Oct-07 13:12:16.848 [main] INFO  nextflow.cli.CmdRun - Pulling nextflow-io/mbovpan ...
Oct-07 13:12:16.852 [main] DEBUG nextflow.scm.RepositoryProvider - Request [credentials -:-] -> https://api.github.com/repos/nextflow-io/mbovpan/contents/mbovpan.nf
Oct-07 13:12:18.278 [main] DEBUG nextflow.scm.RepositoryProvider - Response status: 404 -- {"message":"Not Found","documentation_url":"https://docs.github.com/rest/reference/repos#get-repository-content"}
Oct-07 13:12:18.296 [main] DEBUG nextflow.cli.Launcher - Operation aborted
nextflow.exception.AbortOperationException: Remote resource not found: https://api.github.com/repos/nextflow-io/mbovpan/contents/mbovpan.nf
	at nextflow.scm.RepositoryProvider.checkResponse(RepositoryProvider.groovy:187)
	at nextflow.scm.RepositoryProvider.invoke(RepositoryProvider.groovy:136)
	at nextflow.scm.RepositoryProvider.memoizedMethodPriv$invokeAndParseResponseString(RepositoryProvider.groovy:218)
	at java.base/jdk.internal.reflect.NativeMethodAccessorImpl.invoke0(Native Method)
	at java.base/jdk.internal.reflect.NativeMethodAccessorImpl.invoke(NativeMethodAccessorImpl.java:62)
	at java.base/jdk.internal.reflect.DelegatingMethodAccessorImpl.invoke(DelegatingMethodAccessorImpl.java:43)
	at java.base/java.lang.reflect.Method.invoke(Method.java:566)
	at org.codehaus.groovy.reflection.CachedMethod.invoke(CachedMethod.java:107)
	at groovy.lang.MetaMethod.doMethodInvoke(MetaMethod.java:323)
	at groovy.lang.MetaClassImpl.invokeMethod(MetaClassImpl.java:1268)
	at groovy.lang.MetaClassImpl.invokeMethod(MetaClassImpl.java:1035)
	at org.codehaus.groovy.runtime.InvokerHelper.invokePogoMethod(InvokerHelper.java:1029)
	at org.codehaus.groovy.runtime.InvokerHelper.invokeMethod(InvokerHelper.java:1012)
	at org.codehaus.groovy.runtime.InvokerHelper.invokeMethodSafe(InvokerHelper.java:101)
	at nextflow.scm.RepositoryProvider$_closure2.doCall(RepositoryProvider.groovy)
	at java.base/jdk.internal.reflect.NativeMethodAccessorImpl.invoke0(Native Method)
	at java.base/jdk.internal.reflect.NativeMethodAccessorImpl.invoke(NativeMethodAccessorImpl.java:62)
	at java.base/jdk.internal.reflect.DelegatingMethodAccessorImpl.invoke(DelegatingMethodAccessorImpl.java:43)
	at java.base/java.lang.reflect.Method.invoke(Method.java:566)
	at org.codehaus.groovy.reflection.CachedMethod.invoke(CachedMethod.java:107)
	at groovy.lang.MetaMethod.doMethodInvoke(MetaMethod.java:323)
	at org.codehaus.groovy.runtime.metaclass.ClosureMetaClass.invokeMethod(ClosureMetaClass.java:263)
	at groovy.lang.MetaClassImpl.invokeMethod(MetaClassImpl.java:1035)
	at groovy.lang.Closure.call(Closure.java:412)
	at org.codehaus.groovy.runtime.memoize.Memoize$MemoizeFunction.lambda$call$0(Memoize.java:137)
	at org.codehaus.groovy.runtime.memoize.ConcurrentCommonCache.getAndPut(ConcurrentCommonCache.java:137)
	at org.codehaus.groovy.runtime.memoize.ConcurrentCommonCache.getAndPut(ConcurrentCommonCache.java:113)
	at org.codehaus.groovy.runtime.memoize.Memoize$MemoizeFunction.call(Memoize.java:136)
	at groovy.lang.Closure.call(Closure.java:428)
	at nextflow.scm.RepositoryProvider.invokeAndParseResponse(RepositoryProvider.groovy)
	at nextflow.scm.GithubRepositoryProvider.readBytes(GithubRepositoryProvider.groovy:100)
	at nextflow.scm.RepositoryProvider.validateFor(RepositoryProvider.groovy:246)
	at nextflow.scm.AssetManager.checkValidRemoteRepo(AssetManager.groovy:383)
	at nextflow.scm.AssetManager.download(AssetManager.groovy:591)
	at nextflow.scm.AssetManager.download(AssetManager.groovy)
	at nextflow.cli.CmdRun.getScriptFile(CmdRun.groovy:368)
	at nextflow.cli.CmdRun.run(CmdRun.groovy:265)
	at nextflow.cli.Launcher.run(Launcher.groovy:475)
	at nextflow.cli.Launcher.main(Launcher.groovy:657)
