11/15/2021 03:59:07 PM    ==== Scoary started ====
11/15/2021 03:59:07 PM    Command: /Users/noahaus/opt/miniconda3/envs/scoary/bin/scoary -g gene_presence_absence.csv -t traits.csv
11/15/2021 03:59:07 PM    Reading gene presence absence file
11/15/2021 03:59:09 PM    Creating Hamming distance matrix based on gene presence/absence
11/15/2021 03:59:10 PM    Building UPGMA tree from distance matrix
11/15/2021 03:59:11 PM    Reading traits file
11/15/2021 03:59:11 PM    Finished loading files into memory.


11/15/2021 03:59:11 PM    ==== Performing statistics ====
11/15/2021 03:59:11 PM    -- Filtration options --
11/15/2021 03:59:11 PM    Individual (Naive):    0.05
11/15/2021 03:59:11 PM    Collapse genes:    False


11/15/2021 03:59:11 PM    Tallying genes and performing statistical analyses
11/15/2021 03:59:11 PM    Gene-wise counting and Fisher's exact tests for trait: Species
11/15/2021 03:59:18 PM    Adding p-values adjusted for testing multiple hypotheses
11/15/2021 03:59:18 PM    Storing results: Species
11/15/2021 03:59:18 PM    Calculating max number of contrasting pairs for each nominally significant gene
11/15/2021 03:59:26 PM    Storing results to file
11/15/2021 03:59:26 PM    

11/15/2021 03:59:26 PM    ==== Finished ====
11/15/2021 03:59:26 PM    Checked a total of 16663 genes for associations to 1 trait(s). Total time used: 18 seconds.
11/15/2021 03:59:26 PM    No warnings were recorded.
